<?xml version="1.0" encoding="UTF-8"?>
<!-- Generated by org.testng.reporters.JUnitReportReporter -->
<testsuite hostname="INLEN8520046732" failures="0" tests="2" name="com.app.test.AppTest" time="84.216" errors="0" timestamp="2023-01-09T18:30:09 IST" skipped="0">
  <testcase classname="com.app.test.AppTest" name="verifyBagMenu" time="25.270"/>
  <system-out/>
  <testcase classname="com.app.test.AppTest" name="verifyUserName" time="58.946"/>
  <system-out/>
</testsuite> <!-- com.app.test.AppTest -->
